Running Test # 1 [         check_empty_file]: [32mPassed
[0mRunning Test # 2 [          check_1024_file]: [32mPassed
[0mRunning Test # 3 [    check_redirected_file]: Standard input!
[31mFile task_3.output wasn't created
[0m[31mTest #3 is failed!
[0mRunning Test # 4 [         check_moved_file]: [31mFile /tmp/file_is_not_strange is missed
[0m[31mTest #4 is failed!
[0mRunning Test # 5 [               check_copy]: [31mTest #5 is failed!
[0mRunning Test # 6 [                 check_rm]: [31mSomething is still in the /tmp/ directory: /tmp/other_test_dir_1
/tmp/other_test_dir_a
/tmp/test_dir_1
/tmp/test_dir_9
/tmp/test_dir_a
/tmp/test_dir_b
/tmp/test_dir_c
/tmp/test_dir_d
/tmp/test_dir_f
[0m[31mTest #6 is failed!
[0mRunning Test # 7 [               check_find]: [31mTest #7 is failed!
[0mRunning Test # 8 [              check_unite]: [31mCheck your output:
Here is a third file:task_8_test_a
[0m[31mTest #8 is failed!
[0mRunning Test # 9 [               check_crop]: [32mPassed
[0mRunning Test #10 [     check_error_redirect]: [31mTest #10 is failed!
[0mRunning Test #11 [                check_tee]: [32mPassed
[0mRunning Test #12 [               check_hash]: [31mTest #12 is failed!
[0mRunning Test #13 [     check_commit_message]: [31mYour commit message should be like the following:
Pavel Baidaus: Homework #2
Attempt #2
[0m[31mTest #13 is failed!
[0m[96mYour evaluation is finished! You've got 4 from 13 points.
[0m