adduser.conf
adjtime
aliases
alsa
alternatives
anacrontab
apache2
apg.conf
apm
apparmor
apparmor.d
apt
at.deny
avahi
bash.bashrc
bash_completion
bash_completion.d
bindresvport.blacklist
binfmt.d
bluetooth
ca-certificates
ca-certificates.conf
calendar
chatscripts
console-setup
cracklib
cron.d
cron.daily
cron.hourly
cron.monthly
crontab
cron.weekly
cups
cupshelpers
dbus-1
debconf.conf
debian_version
default
deluser.conf
dhcp
dictionaries-common
discover.conf.d
discover-modprobe.conf
dleyna-server-service.conf
dpkg
emacs
email-addresses
environment
environment.d
exim4
firefox-esr
fonts
fstab
fuse.conf
gai.conf
ghostscript
gimp
glvnd
gnome-chess
groff
group
group-
grub.d
gshadow
gshadow-
gss
gtk-2.0
gtk-3.0
hddtemp.db
hdparm.conf
host.conf
hostname
hosts
hosts.allow
hosts.deny
ifplugd
ImageMagick-6
init.d
initramfs-tools
inputrc
inxi.conf
iproute2
issue
issue.net
kernel
kernel-img.conf
ldap
ld.so.cache
ld.so.conf
ld.so.conf.d
libao.conf
libaudit.conf
libblockdev
libnl-3
libpaper.d
libreoffice
lightdm
lighttpd
lintianrc
locale.alias
locale.gen
localtime
logcheck
login.defs
logrotate.conf
logrotate.d
machine-id
magic
magic.mime
mailcap
mailcap.order
mailname
manpath.config
mime.types
mke2fs.conf
modprobe.d
modules
modules-load.d
motd
mtab
mysql
nanorc
netscsid.conf
network
NetworkManager
networks
nsswitch.conf
openal
opt
os-release
PackageKit
pam.conf
pam.d
papersize
passwd
passwd-
perl
plymouth
polkit-1
ppp
profile
profile.d
protocols
pulse
purple
python
python2.7
python3
python3.7
rc0.d
rc1.d
rc2.d
rc3.d
rc4.d
rc5.d
rc6.d
rcS.d
reportbug.conf
resolv.conf
resolvconf
rmt
rpc
rsyslog.conf
rsyslog.d
rygel.conf
sane.d
securetty
security
selinux
sensors3.conf
sensors.d
services
sgml
shadow
shadow-
shells
skel
snmp
speech-dispatcher
ssh
ssl
subgid
subgid-
subuid
subuid-
sudoers
sudoers.d
sysctl.conf
sysctl.d
systemd
terminfo
thunderbird
timezone
tmpfiles.d
ucf.conf
udev
udisks2
ufw
update-motd.d
UPower
usb_modeswitch.conf
usb_modeswitch.d
vdpau_wrapper.cfg
video_format
vim
vmware-tools
vulkan
wgetrc
wodim.conf
wpa_supplicant
X11
xattr.conf
xdg
